2012/12/07 10:48:12 [error] [php] date(): It is not safe to rely on the system's timezone settings. You are *required* to use the date.timezone setting or the date_default_timezone_set() function. In case you used any of those methods and you are still getting this warning, you most likely misspelled the timezone identifier. We selected 'Asia/Bangkok' for 'ICT/7.0/no DST' instead (/usr/local/zend/apache2/htdocs/gooRead/protected/views/layouts/main.php:51)
Stack trace:
#0 /usr/local/zend/apache2/htdocs/yii/framework/web/CBaseController.php(96): SiteController->renderInternal()
#1 /usr/local/zend/apache2/htdocs/yii/framework/web/widgets/CContentDecorator.php(77): SiteController->renderFile()
#2 /usr/local/zend/apache2/htdocs/yii/framework/web/widgets/CContentDecorator.php(55): CContentDecorator->decorate()
#3 /usr/local/zend/apache2/htdocs/yii/framework/web/widgets/COutputProcessor.php(45): CContentDecorator->processOutput()
#4 /usr/local/zend/apache2/htdocs/yii/framework/web/CBaseController.php(207): CContentDecorator->run()
#5 /usr/local/zend/apache2/htdocs/yii/framework/web/CBaseController.php(301): SiteController->endWidget()
#6 /usr/local/zend/apache2/htdocs/gooRead/protected/views/layouts/column1.php(6): SiteController->endContent()
#7 /usr/local/zend/apache2/htdocs/yii/framework/web/CBaseController.php(127): require()
#8 /usr/local/zend/apache2/htdocs/yii/framework/web/CBaseController.php(96): SiteController->renderInternal()
#9 /usr/local/zend/apache2/htdocs/yii/framework/web/CController.php(785): SiteController->renderFile()
#10 /usr/local/zend/apache2/htdocs/gooRead/protected/controllers/SiteController.php(32): SiteController->render()
#11 /usr/local/zend/apache2/htdocs/yii/framework/web/actions/CInlineAction.php(50): SiteController->actionIndex()
#12 /usr/local/zend/apache2/htdocs/yii/framework/web/CController.php(309): CInlineAction->runWithParams()
#13 /usr/local/zend/apache2/htdocs/yii/framework/web/CController.php(287): SiteController->runAction()
#14 /usr/local/zend/apache2/htdocs/yii/framework/web/CController.php(266): SiteController->runActionWithFilters()
#15 /usr/local/zend/apache2/htdocs/yii/framework/web/CWebApplication.php(283): SiteController->run()
#16 /usr/local/zend/apache2/htdocs/yii/framework/web/CWebApplication.php(142): CWebApplication->runController()
#17 /usr/local/zend/apache2/htdocs/yii/framework/base/CApplication.php(162): CWebApplication->processRequest()
#18 /usr/local/zend/apache2/htdocs/gooRead/index.php(13): CWebApplication->run()
REQUEST_URI=/gooRead/
in /usr/local/zend/apache2/htdocs/gooRead/protected/views/layouts/main.php (51)
in /usr/local/zend/apache2/htdocs/gooRead/protected/views/layouts/column1.php (6)
in /usr/local/zend/apache2/htdocs/gooRead/protected/controllers/SiteController.php (32)
2012/12/07 13:57:18 [error] [exception.CDbException] exception 'CDbException' with message 'CDbConnection failed to open the DB connection: SQLSTATE[HY000] [2013] Lost connection to MySQL server at 'reading initial communication packet', system error: 61' in /usr/local/zend/apache2/htdocs/yii/framework/db/CDbConnection.php:382
Stack trace:
#0 /usr/local/zend/apache2/htdocs/yii/framework/db/CDbConnection.php(331): CDbConnection->open()
#1 /usr/local/zend/apache2/htdocs/yii/framework/db/CDbConnection.php(309): CDbConnection->setActive(true)
#2 /usr/local/zend/apache2/htdocs/yii/framework/base/CModule.php(388): CDbConnection->init()
#3 /usr/local/zend/apache2/htdocs/yii/framework/base/CModule.php(104): CModule->getComponent('db')
#4 /usr/local/zend/apache2/htdocs/yii/framework/gii/generators/model/ModelCode.php(57): CModule->__get('db')
#5 /usr/local/zend/apache2/htdocs/yii/framework/web/CFormModel.php(40): ModelCode->init()
#6 /usr/local/zend/apache2/htdocs/yii/framework/gii/CCodeGenerator.php(154): CFormModel->__construct()
#7 /usr/local/zend/apache2/htdocs/yii/framework/gii/CCodeGenerator.php(64): CCodeGenerator->prepare()
#8 /usr/local/zend/apache2/htdocs/yii/framework/web/actions/CInlineAction.php(50): CCodeGenerator->actionIndex()
#9 /usr/local/zend/apache2/htdocs/yii/framework/web/CController.php(309): CInlineAction->runWithParams(Array)
#10 /usr/local/zend/apache2/htdocs/yii/framework/web/CController.php(287): CController->runAction(Object(CInlineAction))
#11 /usr/local/zend/apache2/htdocs/yii/framework/web/CController.php(266): CController->runActionWithFilters(Object(CInlineAction), Array)
#12 /usr/local/zend/apache2/htdocs/yii/framework/web/CWebApplication.php(283): CController->run('')
#13 /usr/local/zend/apache2/htdocs/yii/framework/web/CWebApplication.php(142): CWebApplication->runController('gii/model')
#14 /usr/local/zend/apache2/htdocs/yii/framework/base/CApplication.php(162): CWebApplication->processRequest()
#15 /usr/local/zend/apache2/htdocs/gooRead/index.php(13): CApplication->run()
#16 {main}
REQUEST_URI=/gooRead/index.php?r=gii/model
HTTP_REFERER=http://localhost:10088/gooRead/index.php?r=gii/default/index
---
2012/12/07 16:02:02 [error] [exception.CDbException] exception 'CDbException' with message 'CDbConnection failed to open the DB connection: SQLSTATE[HY000] [2013] Lost connection to MySQL server at 'reading initial communication packet', system error: 61' in /usr/local/zend/apache2/htdocs/yii/framework/db/CDbConnection.php:382
Stack trace:
#0 /usr/local/zend/apache2/htdocs/yii/framework/db/CDbConnection.php(331): CDbConnection->open()
#1 /usr/local/zend/apache2/htdocs/yii/framework/db/CDbConnection.php(309): CDbConnection->setActive(true)
#2 /usr/local/zend/apache2/htdocs/yii/framework/base/CModule.php(388): CDbConnection->init()
#3 /usr/local/zend/apache2/htdocs/yii/framework/base/CModule.php(104): CModule->getComponent('db')
#4 /usr/local/zend/apache2/htdocs/yii/framework/gii/generators/model/ModelCode.php(57): CModule->__get('db')
#5 /usr/local/zend/apache2/htdocs/yii/framework/web/CFormModel.php(40): ModelCode->init()
#6 /usr/local/zend/apache2/htdocs/yii/framework/gii/CCodeGenerator.php(154): CFormModel->__construct()
#7 /usr/local/zend/apache2/htdocs/yii/framework/gii/CCodeGenerator.php(64): CCodeGenerator->prepare()
#8 /usr/local/zend/apache2/htdocs/yii/framework/web/actions/CInlineAction.php(50): CCodeGenerator->actionIndex()
#9 /usr/local/zend/apache2/htdocs/yii/framework/web/CController.php(309): CInlineAction->runWithParams(Array)
#10 /usr/local/zend/apache2/htdocs/yii/framework/web/CController.php(287): CController->runAction(Object(CInlineAction))
#11 /usr/local/zend/apache2/htdocs/yii/framework/web/CController.php(266): CController->runActionWithFilters(Object(CInlineAction), Array)
#12 /usr/local/zend/apache2/htdocs/yii/framework/web/CWebApplication.php(283): CController->run('')
#13 /usr/local/zend/apache2/htdocs/yii/framework/web/CWebApplication.php(142): CWebApplication->runController('gii/model')
#14 /usr/local/zend/apache2/htdocs/yii/framework/base/CApplication.php(162): CWebApplication->processRequest()
#15 /usr/local/zend/apache2/htdocs/gooRead/index.php(13): CApplication->run()
#16 {main}
REQUEST_URI=/gooRead/index.php?r=gii/model
HTTP_REFERER=http://localhost:10088/gooRead/index.php?r=gii/default/index
---
